2025-10-18T21:30:05.178-03:00  INFO 23520 --- [clients] [main] b.com.microservices.ClientsApplication   : Starting ClientsApplication using Java 21.0.7 with PID 23520 (C:\Users\Ronald\Documents\Projetos\credito-microservice-course\clients-microservice\target\classes started by Ronald in C:\Users\Ronald\Documents\Projetos\credito-microservice-course\clients-microservice)
2025-10-18T21:30:05.185-03:00  INFO 23520 --- [clients] [main] b.com.microservices.ClientsApplication   : No active profile set, falling back to 1 default profile: "default"
2025-10-18T21:30:06.499-03:00  INFO 23520 --- [clients] [main] .s.d.r.c.RepositoryConfigurationDelegate : Bootstrapping Spring Data JPA repositories in DEFAULT mode.
2025-10-18T21:30:06.627-03:00  INFO 23520 --- [clients] [main] .s.d.r.c.RepositoryConfigurationDelegate : Finished Spring Data repository scanning in 117 ms. Found 1 JPA repository interface.
2025-10-18T21:30:06.805-03:00  INFO 23520 --- [clients] [main] o.s.cloud.context.scope.GenericScope     : BeanFactory id=ab87ac5c-7418-356f-a28a-8c4a25ffe5df
2025-10-18T21:30:07.262-03:00  INFO 23520 --- [clients] [main] o.s.b.w.embedded.tomcat.TomcatWebServer  : Tomcat initialized with port 0 (http)
2025-10-18T21:30:07.279-03:00  INFO 23520 --- [clients] [main] o.apache.catalina.core.StandardService   : Starting service [Tomcat]
2025-10-18T21:30:07.279-03:00  INFO 23520 --- [clients] [main] o.apache.catalina.core.StandardEngine    : Starting Servlet engine: [Apache Tomcat/10.1.46]
2025-10-18T21:30:07.353-03:00  INFO 23520 --- [clients] [main] o.a.c.c.C.[Tomcat].[localhost].[/]       : Initializing Spring embedded WebApplicationContext
2025-10-18T21:30:07.354-03:00  INFO 23520 --- [clients] [main] w.s.c.ServletWebServerApplicationContext : Root WebApplicationContext: initialization completed in 2119 ms
2025-10-18T21:30:07.678-03:00  INFO 23520 --- [clients] [main] com.zaxxer.hikari.HikariDataSource       : HikariPool-1 - Starting...
2025-10-18T21:30:07.854-03:00  INFO 23520 --- [clients] [main] com.zaxxer.hikari.pool.HikariPool        : HikariPool-1 - Added connection conn0: url=jdbc:h2:mem:b235b7d0-f3e6-439a-a06a-eb514e91ab85 user=SA
2025-10-18T21:30:07.856-03:00  INFO 23520 --- [clients] [main] com.zaxxer.hikari.HikariDataSource       : HikariPool-1 - Start completed.
2025-10-18T21:30:07.897-03:00  INFO 23520 --- [clients] [main] o.hibernate.jpa.internal.util.LogHelper  : HHH000204: Processing PersistenceUnitInfo [name: default]
2025-10-18T21:30:07.957-03:00  INFO 23520 --- [clients] [main] org.hibernate.Version                    : HHH000412: Hibernate ORM core version 6.6.29.Final
2025-10-18T21:30:07.996-03:00  INFO 23520 --- [clients] [main] o.h.c.internal.RegionFactoryInitiator    : HHH000026: Second-level cache disabled
2025-10-18T21:30:08.294-03:00  INFO 23520 --- [clients] [main] o.s.o.j.p.SpringPersistenceUnitInfo      : No LoadTimeWeaver setup: ignoring JPA class transformer
2025-10-18T21:30:08.363-03:00  INFO 23520 --- [clients] [main] org.hibernate.orm.connections.pooling    : HHH10001005: Database info:
	Database JDBC URL [Connecting through datasource 'HikariDataSource (HikariPool-1)']
	Database driver: undefined/unknown
	Database version: 2.3.232
	Autocommit mode: undefined/unknown
	Isolation level: undefined/unknown
	Minimum pool size: undefined/unknown
	Maximum pool size: undefined/unknown
2025-10-18T21:30:09.053-03:00  INFO 23520 --- [clients] [main] o.h.e.t.j.p.i.JtaPlatformInitiator       : HHH000489: No JTA platform available (set 'hibernate.transaction.jta.platform' to enable JTA platform integration)
2025-10-18T21:30:09.082-03:00  INFO 23520 --- [clients] [main] j.LocalContainerEntityManagerFactoryBean : Initialized JPA EntityManagerFactory for persistence unit 'default'
2025-10-18T21:30:09.495-03:00  WARN 23520 --- [clients] [main] JpaBaseConfiguration$JpaWebConfiguration : spring.jpa.open-in-view is enabled by default. Therefore, database queries may be performed during view rendering. Explicitly configure spring.jpa.open-in-view to disable this warning
2025-10-18T21:30:10.198-03:00  INFO 23520 --- [clients] [main] DiscoveryClientOptionalArgsConfiguration : Eureka HTTP Client uses RestTemplate.
2025-10-18T21:30:10.233-03:00  WARN 23520 --- [clients] [main] iguration$LoadBalancerCaffeineWarnLogger : Spring Cloud LoadBalancer is currently working with the default cache. While this cache implementation is useful for development and tests, it's recommended to use Caffeine cache in production.You can switch to using Caffeine cache, by adding it and org.springframework.cache.caffeine.CaffeineCacheManager to the classpath.
2025-10-18T21:30:10.239-03:00  INFO 23520 --- [clients] [main] o.s.b.a.e.web.EndpointLinksResolver      : Exposing 17 endpoints beneath base path '/actuator'
2025-10-18T21:30:10.329-03:00  INFO 23520 --- [clients] [main] o.s.b.w.embedded.tomcat.TomcatWebServer  : Tomcat started on port 59276 (http) with context path '/'
2025-10-18T21:30:10.330-03:00  INFO 23520 --- [clients] [main] .s.c.n.e.s.EurekaAutoServiceRegistration : Updating port to 59276
2025-10-18T21:30:10.335-03:00  INFO 23520 --- [clients] [main] o.s.c.n.eureka.InstanceInfoFactory       : Setting initial instance status as: STARTING
2025-10-18T21:30:10.352-03:00  INFO 23520 --- [clients] [main] com.netflix.discovery.DiscoveryClient    : Initializing Eureka in region us-east-1
2025-10-18T21:30:10.357-03:00  INFO 23520 --- [clients] [main] c.n.d.s.r.aws.ConfigClusterResolver      : Resolving eureka endpoints via configuration
2025-10-18T21:30:10.366-03:00  INFO 23520 --- [clients] [main] com.netflix.discovery.DiscoveryClient    : Disable delta property : false
2025-10-18T21:30:10.366-03:00  INFO 23520 --- [clients] [main] com.netflix.discovery.DiscoveryClient    : Single vip registry refresh property : null
2025-10-18T21:30:10.366-03:00  INFO 23520 --- [clients] [main] com.netflix.discovery.DiscoveryClient    : Force full registry fetch : false
2025-10-18T21:30:10.366-03:00  INFO 23520 --- [clients] [main] com.netflix.discovery.DiscoveryClient    : Application is null : false
2025-10-18T21:30:10.366-03:00  INFO 23520 --- [clients] [main] com.netflix.discovery.DiscoveryClient    : Registered Applications size is zero : true
2025-10-18T21:30:10.366-03:00  INFO 23520 --- [clients] [main] com.netflix.discovery.DiscoveryClient    : Application version is -1: true
2025-10-18T21:30:10.366-03:00  INFO 23520 --- [clients] [main] com.netflix.discovery.DiscoveryClient    : Getting all instance registry info from the eureka server
2025-10-18T21:30:10.975-03:00  INFO 23520 --- [clients] [main] com.netflix.discovery.DiscoveryClient    : The response status is 200
2025-10-18T21:30:10.976-03:00  INFO 23520 --- [clients] [main] com.netflix.discovery.DiscoveryClient    : Starting heartbeat executor: renew interval is: 30
2025-10-18T21:30:10.977-03:00  INFO 23520 --- [clients] [main] c.n.discovery.InstanceInfoReplicator     : InstanceInfoReplicator onDemand update allowed rate per min is 4
2025-10-18T21:30:10.979-03:00  INFO 23520 --- [clients] [main] com.netflix.discovery.DiscoveryClient    : Discovery Client initialized at timestamp 1760833810978 with initial instances count: 0
2025-10-18T21:30:10.982-03:00  INFO 23520 --- [clients] [main] o.s.c.n.e.s.EurekaServiceRegistry        : Registering application CLIENTS with eureka with status UP
2025-10-18T21:30:10.983-03:00  INFO 23520 --- [clients] [main] com.netflix.discovery.DiscoveryClient    : Saw local status change event StatusChangeEvent [timestamp=1760833810983, current=UP, previous=STARTING]
2025-10-18T21:30:10.984-03:00  INFO 23520 --- [clients] [DiscoveryClient-InstanceInfoReplicator-%d] com.netflix.discovery.DiscoveryClient    : DiscoveryClient_CLIENTS/clients:80e01a9a23922acb5927a892fd02f655: registering service...
2025-10-18T21:30:10.998-03:00  INFO 23520 --- [clients] [main] b.com.microservices.ClientsApplication   : Started ClientsApplication in 6.403 seconds (process running for 6.955)
2025-10-18T21:30:11.157-03:00  INFO 23520 --- [clients] [DiscoveryClient-InstanceInfoReplicator-%d] com.netflix.discovery.DiscoveryClient    : DiscoveryClient_CLIENTS/clients:80e01a9a23922acb5927a892fd02f655 - registration status: 204
2025-10-18T21:30:21.984-03:00  INFO 23520 --- [clients] [SpringApplicationShutdownHook] o.s.c.n.e.s.EurekaServiceRegistry        : Unregistering application CLIENTS with eureka with status DOWN
2025-10-18T21:30:21.984-03:00  INFO 23520 --- [clients] [SpringApplicationShutdownHook] com.netflix.discovery.DiscoveryClient    : Saw local status change event StatusChangeEvent [timestamp=1760833821984, current=DOWN, previous=UP]
2025-10-18T21:30:21.984-03:00  INFO 23520 --- [clients] [DiscoveryClient-InstanceInfoReplicator-%d] com.netflix.discovery.DiscoveryClient    : DiscoveryClient_CLIENTS/clients:80e01a9a23922acb5927a892fd02f655: registering service...
2025-10-18T21:30:21.986-03:00  INFO 23520 --- [clients] [SpringApplicationShutdownHook] o.s.b.w.e.tomcat.GracefulShutdown        : Commencing graceful shutdown. Waiting for active requests to complete
2025-10-18T21:30:21.991-03:00  INFO 23520 --- [clients] [tomcat-shutdown] o.s.b.w.e.tomcat.GracefulShutdown        : Graceful shutdown complete
2025-10-18T21:30:21.996-03:00  INFO 23520 --- [clients] [SpringApplicationShutdownHook] j.LocalContainerEntityManagerFactoryBean : Closing JPA EntityManagerFactory for persistence unit 'default'
2025-10-18T21:30:22.000-03:00  INFO 23520 --- [clients] [SpringApplicationShutdownHook] com.zaxxer.hikari.HikariDataSource       : HikariPool-1 - Shutdown initiated...
2025-10-18T21:30:22.002-03:00  INFO 23520 --- [clients] [SpringApplicationShutdownHook] com.zaxxer.hikari.HikariDataSource       : HikariPool-1 - Shutdown completed.
2025-10-18T21:30:22.002-03:00  INFO 23520 --- [clients] [SpringApplicationShutdownHook] com.netflix.discovery.DiscoveryClient    : Shutting down DiscoveryClient ...
2025-10-18T21:30:22.066-03:00  INFO 23520 --- [clients] [DiscoveryClient-InstanceInfoReplicator-%d] com.netflix.discovery.DiscoveryClient    : DiscoveryClient_CLIENTS/clients:80e01a9a23922acb5927a892fd02f655 - registration status: 204
2025-10-18T21:30:22.067-03:00  INFO 23520 --- [clients] [SpringApplicationShutdownHook] com.netflix.discovery.DiscoveryClient    : Unregistering ...
2025-10-18T21:30:22.148-03:00  INFO 23520 --- [clients] [SpringApplicationShutdownHook] com.netflix.discovery.DiscoveryClient    : DiscoveryClient_CLIENTS/clients:80e01a9a23922acb5927a892fd02f655 - deregister  status: 200
2025-10-18T21:30:22.148-03:00  INFO 23520 --- [clients] [SpringApplicationShutdownHook] com.netflix.discovery.DiscoveryClient    : Completed shut down of DiscoveryClient
